<?xml version="1.0" encoding="UTF-8"?>
<testng-results skipped="0" failed="0" ignored="0" total="1" passed="1">
  <reporter-output>
  </reporter-output>
  <suite name="Surefire suite" duration-ms="6859" started-at="2019-08-27T09:37:49Z" finished-at="2019-08-27T09:37:56Z">
    <groups>
    </groups>
    <test name="Surefire test" duration-ms="6859" started-at="2019-08-27T09:37:49Z" finished-at="2019-08-27T09:37:56Z">
      <class name="MavenPackage1.TestDemo1">
        <test-method status="PASS" signature="test1()[pri:0, instance:MavenPackage1.TestDemo1@6108b2d7]" name="test1" duration-ms="6829" started-at="2019-08-27T09:37:49Z" finished-at="2019-08-27T09:37:56Z">
          <reporter-output>
          </reporter-output>
        </test-method> <!-- test1 -->
      </class> <!-- MavenPackage1.TestDemo1 -->
    </test> <!-- Surefire test -->
  </suite> <!-- Surefire suite -->
</testng-results>
