<?xml version="1.0" encoding="UTF-8"?>
<testng-results skipped="0" failed="0" total="1" passed="1">
  <reporter-output>
  </reporter-output>
  <suite name="Suite" duration-ms="12187" started-at="2019-08-27T08:04:33Z" finished-at="2019-08-27T08:04:45Z">
    <groups>
    </groups>
    <test name="Test" duration-ms="12187" started-at="2019-08-27T08:04:33Z" finished-at="2019-08-27T08:04:45Z">
      <class name="MavenPackage1.Demo1">
        <test-method status="PASS" signature="test1()[pri:0, instance:MavenPackage1.Demo1@7c16905e]" name="test1" duration-ms="12150" started-at="2019-08-27T13:34:33Z" finished-at="2019-08-27T13:34:45Z">
          <reporter-output>
          </reporter-output>
        </test-method> <!-- test1 -->
      </class> <!-- MavenPackage1.Demo1 -->
    </test> <!-- Test -->
  </suite> <!-- Suite -->
</testng-results>
